# JRE version: OpenJDK Runtime Environment (11.0.10) (build 11.0.10+0-b96-7249189)
# Java VM: OpenJDK 64-Bit Server VM (11.0.10+0-b96-7249189, mixed mode, tiered, compressed oops, g1 gc, windows-amd64)
Heap:
 garbage-first heap   total 496640K, used 175190K [0x0000000080000000, 0x0000000100000000)
  region size 1024K, 8 young (8192K), 8 survivors (8192K)
 Metaspace       used 117686K, capacity 120999K, committed 121260K, reserved 1155072K
  class space    used 15016K, capacity 16290K, committed 16332K, reserved 1048576K
GC Heap History (20 events):
Event: 109.067 GC heap after
{Heap after GC invocations=38 (full 0):
 garbage-first heap   total 225280K, used 143809K [0x0000000080000000, 0x0000000100000000)
  region size 1024K, 7 young (7168K), 7 survivors (7168K)
 Metaspace       used 116207K, capacity 119505K, committed 119724K, reserved 1153024K
  class space    used 14938K, capacity 16213K, committed 16332K, reserved 1048576K
}
Event: 109.079 GC heap before
{Heap before GC invocations=38 (full 0):
 garbage-first heap   total 225280K, used 146881K [0x0000000080000000, 0x0000000100000000)
  region size 1024K, 11 young (11264K), 7 survivors (7168K)
 Metaspace       used 116213K, capacity 119508K, committed 119724K, reserved 1153024K
  class space    used 14940K, capacity 16214K, committed 16332K, reserved 1048576K
}
Event: 109.091 GC heap after
{Heap after GC invocations=39 (full 0):
 garbage-first heap   total 225280K, used 138120K [0x0000000080000000, 0x0000000100000000)
  region size 1024K, 2 young (2048K), 2 survivors (2048K)
 Metaspace       used 116213K, capacity 119508K, committed 119724K, reserved 1153024K
  class space    used 14940K, capacity 16214K, committed 16332K, reserved 1048576K
}
Event: 109.210 GC heap before
{Heap before GC invocations=39 (full 0):
 garbage-first heap   total 225280K, used 177032K [0x0000000080000000, 0x0000000100000000)
  region size 1024K, 41 young (41984K), 2 survivors (2048K)
 Metaspace       used 116412K, capacity 119691K, committed 119980K, reserved 1153024K
  class space    used 14968K, capacity 16233K, committed 16332K, reserved 1048576K
}
Event: 109.223 GC heap after
{Heap after GC invocations=40 (full 0):
 garbage-first heap   total 225280K, used 146711K [0x0000000080000000, 0x0000000100000000)
  region size 1024K, 6 young (6144K), 6 survivors (6144K)
 Metaspace       used 116412K, capacity 119691K, committed 119980K, reserved 1153024K
  class space    used 14968K, capacity 16233K, committed 16332K, reserved 1048576K
}
Event: 109.391 GC heap before
{Heap before GC invocations=40 (full 0):
 garbage-first heap   total 225280K, used 181527K [0x0000000080000000, 0x0000000100000000)
  region size 1024K, 42 young (43008K), 6 survivors (6144K)
 Metaspace       used 116651K, capacity 119936K, committed 120236K, reserved 1153024K
  class space    used 14975K, capacity 16268K, committed 16332K, reserved 1048576K
}
Event: 109.402 GC heap after
{Heap after GC invocations=41 (full 0):
 garbage-first heap   total 225280K, used 154280K [0x0000000080000000, 0x0000000100000000)
  region size 1024K, 5 young (5120K), 5 survivors (5120K)
 Metaspace       used 116651K, capacity 119936K, committed 120236K, reserved 1153024K
  class space    used 14975K, capacity 16268K, committed 16332K, reserved 1048576K
}
Event: 109.530 GC heap before
{Heap before GC invocations=42 (full 0):
 garbage-first heap   total 225280K, used 185000K [0x0000000080000000, 0x0000000100000000)
  region size 1024K, 35 young (35840K), 5 survivors (5120K)
 Metaspace       used 116949K, capacity 120208K, committed 120492K, reserved 1153024K
  class space    used 14977K, capacity 16268K, committed 16332K, reserved 1048576K
}
Event: 109.541 GC heap after
{Heap after GC invocations=43 (full 0):
 garbage-first heap   total 225280K, used 159178K [0x0000000080000000, 0x0000000100000000)
  region size 1024K, 5 young (5120K), 5 survivors (5120K)
 Metaspace       used 116949K, capacity 120208K, committed 120492K, reserved 1153024K
  class space    used 14977K, capacity 16268K, committed 16332K, reserved 1048576K
}
Event: 109.552 GC heap before
{Heap before GC invocations=43 (full 0):
 garbage-first heap   total 225280K, used 165322K [0x0000000080000000, 0x0000000100000000)
  region size 1024K, 11 young (11264K), 5 survivors (5120K)
 Metaspace       used 116962K, capacity 120214K, committed 120492K, reserved 1153024K
  class space    used 14979K, capacity 16270K, committed 16332K, reserved 1048576K
}
Event: 109.564 GC heap after
{Heap after GC invocations=44 (full 0):
 garbage-first heap   total 225280K, used 155682K [0x0000000080000000, 0x0000000100000000)
  region size 1024K, 2 young (2048K), 2 survivors (2048K)
 Metaspace       used 116962K, capacity 120214K, committed 120492K, reserved 1153024K
  class space    used 14979K, capacity 16270K, committed 16332K, reserved 1048576K
}
Event: 109.611 GC heap before
{Heap before GC invocations=44 (full 0):
 garbage-first heap   total 225280K, used 185378K [0x0000000080000000, 0x0000000100000000)
  region size 1024K, 31 young (31744K), 2 survivors (2048K)
 Metaspace       used 117045K, capacity 120305K, committed 120492K, reserved 1153024K
  class space    used 14985K, capacity 16278K, committed 16332K, reserved 1048576K
}
Event: 109.621 GC heap after
{Heap after GC invocations=45 (full 0):
 garbage-first heap   total 305152K, used 159969K [0x0000000080000000, 0x0000000100000000)
  region size 1024K, 4 young (4096K), 4 survivors (4096K)
 Metaspace       used 117045K, capacity 120305K, committed 120492K, reserved 1153024K
  class space    used 14985K, capacity 16278K, committed 16332K, reserved 1048576K
}
Event: 109.992 GC heap before
{Heap before GC invocations=46 (full 0):
 garbage-first heap   total 305152K, used 218337K [0x0000000080000000, 0x0000000100000000)
  region size 1024K, 62 young (63488K), 4 survivors (4096K)
 Metaspace       used 117548K, capacity 120838K, committed 121004K, reserved 1155072K
  class space    used 15005K, capacity 16279K, committed 16332K, reserved 1048576K
}
Event: 110.007 GC heap after
{Heap after GC invocations=47 (full 0):
 garbage-first heap   total 305152K, used 167933K [0x0000000080000000, 0x0000000100000000)
  region size 1024K, 8 young (8192K), 8 survivors (8192K)
 Metaspace       used 117548K, capacity 120838K, committed 121004K, reserved 1155072K
  class space    used 15005K, capacity 16279K, committed 16332K, reserved 1048576K
}
Event: 110.048 GC heap before
{Heap before GC invocations=47 (full 0):
 garbage-first heap   total 305152K, used 174077K [0x0000000080000000, 0x0000000100000000)
  region size 1024K, 14 young (14336K), 8 survivors (8192K)
 Metaspace       used 117595K, capacity 120902K, committed 121004K, reserved 1155072K
  class space    used 15006K, capacity 16279K, committed 16332K, reserved 1048576K
}
Event: 110.059 GC heap after
{Heap after GC invocations=48 (full 0):
 garbage-first heap   total 305152K, used 167782K [0x0000000080000000, 0x0000000100000000)
  region size 1024K, 2 young (2048K), 2 survivors (2048K)
 Metaspace       used 117595K, capacity 120902K, committed 121004K, reserved 1155072K
  class space    used 15006K, capacity 16279K, committed 16332K, reserved 1048576K
}
Event: 110.262 GC heap before
{Heap before GC invocations=48 (full 0):
 garbage-first heap   total 305152K, used 225126K [0x0000000080000000, 0x0000000100000000)
  region size 1024K, 59 young (60416K), 2 survivors (2048K)
 Metaspace       used 117635K, capacity 120972K, committed 121260K, reserved 1155072K
  class space    used 15007K, capacity 16281K, committed 16332K, reserved 1048576K
}
Event: 110.268 GC heap after
{Heap after GC invocations=49 (full 0):
 garbage-first heap   total 305152K, used 169001K [0x0000000080000000, 0x0000000100000000)
  region size 1024K, 3 young (3072K), 3 survivors (3072K)
 Metaspace       used 117635K, capacity 120972K, committed 121260K, reserved 1155072K
  class space    used 15007K, capacity 16281K, committed 16332K, reserved 1048576K
}
Event: 110.447 GC heap before
{Heap before GC invocations=49 (full 0):
 garbage-first heap   total 305152K, used 230441K [0x0000000080000000, 0x0000000100000000)
  region size 1024K, 63 young (64512K), 3 survivors (3072K)
 Metaspace       used 117686K, capacity 120999K, committed 121260K, reserved 1155072K
  class space    used 15016K, capacity 16290K, committed 16332K, reserved 1048576K
}

