# JRE version: OpenJDK Runtime Environment (11.0.10) (build 11.0.10+0-b96-7249189)
# Java VM: OpenJDK 64-Bit Server VM (11.0.10+0-b96-7249189, mixed mode, tiered, compressed oops, g1 gc, windows-amd64)
Heap:
 garbage-first heap   total 594944K, used 196516K [0x0000000080000000, 0x0000000100000000)
  region size 1024K, 15 young (15360K), 15 survivors (15360K)
 Metaspace       used 100378K, capacity 103040K, committed 103244K, reserved 1138688K
  class space    used 13062K, capacity 14071K, committed 14156K, reserved 1048576K
GC Heap History (20 events):
Event: 14.942 GC heap after
{Heap after GC invocations=32 (full 0):
 garbage-first heap   total 291840K, used 166605K [0x0000000080000000, 0x0000000100000000)
  region size 1024K, 4 young (4096K), 4 survivors (4096K)
 Metaspace       used 97115K, capacity 99607K, committed 99788K, reserved 1134592K
  class space    used 12773K, capacity 13702K, committed 13772K, reserved 1048576K
}
Event: 14.969 GC heap before
{Heap before GC invocations=32 (full 0):
 garbage-first heap   total 291840K, used 176845K [0x0000000080000000, 0x0000000100000000)
  region size 1024K, 14 young (14336K), 4 survivors (4096K)
 Metaspace       used 97157K, capacity 99645K, committed 99916K, reserved 1134592K
  class space    used 12780K, capacity 13735K, committed 13900K, reserved 1048576K
}
Event: 14.978 GC heap after
{Heap after GC invocations=33 (full 0):
 garbage-first heap   total 356352K, used 166165K [0x0000000080000000, 0x0000000100000000)
  region size 1024K, 2 young (2048K), 2 survivors (2048K)
 Metaspace       used 97157K, capacity 99645K, committed 99916K, reserved 1134592K
  class space    used 12780K, capacity 13735K, committed 13900K, reserved 1048576K
}
Event: 15.218 GC heap before
{Heap before GC invocations=33 (full 0):
 garbage-first heap   total 356352K, used 243989K [0x0000000080000000, 0x0000000100000000)
  region size 1024K, 78 young (79872K), 2 survivors (2048K)
 Metaspace       used 97490K, capacity 100013K, committed 100428K, reserved 1136640K
  class space    used 12814K, capacity 13750K, committed 13900K, reserved 1048576K
}
Event: 15.225 GC heap after
{Heap after GC invocations=34 (full 0):
 garbage-first heap   total 356352K, used 168566K [0x0000000080000000, 0x0000000100000000)
  region size 1024K, 4 young (4096K), 4 survivors (4096K)
 Metaspace       used 97490K, capacity 100013K, committed 100428K, reserved 1136640K
  class space    used 12814K, capacity 13750K, committed 13900K, reserved 1048576K
}
Event: 15.599 GC heap before
{Heap before GC invocations=35 (full 0):
 garbage-first heap   total 356352K, used 251510K [0x0000000080000000, 0x0000000100000000)
  region size 1024K, 85 young (87040K), 4 survivors (4096K)
 Metaspace       used 98039K, capacity 100543K, committed 100940K, reserved 1136640K
  class space    used 12844K, capacity 13796K, committed 13900K, reserved 1048576K
}
Event: 15.608 GC heap after
{Heap after GC invocations=36 (full 0):
 garbage-first heap   total 356352K, used 171140K [0x0000000080000000, 0x0000000100000000)
  region size 1024K, 7 young (7168K), 7 survivors (7168K)
 Metaspace       used 98039K, capacity 100543K, committed 100940K, reserved 1136640K
  class space    used 12844K, capacity 13796K, committed 13900K, reserved 1048576K
}
Event: 15.813 GC heap before
{Heap before GC invocations=36 (full 0):
 garbage-first heap   total 356352K, used 259204K [0x0000000080000000, 0x0000000100000000)
  region size 1024K, 93 young (95232K), 7 survivors (7168K)
 Metaspace       used 98588K, capacity 101137K, committed 101196K, reserved 1136640K
  class space    used 12926K, capacity 13890K, committed 13900K, reserved 1048576K
}
Event: 15.823 GC heap after
{Heap after GC invocations=37 (full 0):
 garbage-first heap   total 356352K, used 172743K [0x0000000080000000, 0x0000000100000000)
  region size 1024K, 8 young (8192K), 8 survivors (8192K)
 Metaspace       used 98588K, capacity 101137K, committed 101196K, reserved 1136640K
  class space    used 12926K, capacity 13890K, committed 13900K, reserved 1048576K
}
Event: 16.305 GC heap before
{Heap before GC invocations=38 (full 0):
 garbage-first heap   total 356352K, used 272071K [0x0000000080000000, 0x0000000100000000)
  region size 1024K, 106 young (108544K), 8 survivors (8192K)
 Metaspace       used 99316K, capacity 101962K, committed 102220K, reserved 1136640K
  class space    used 13045K, capacity 14059K, committed 14156K, reserved 1048576K
}
Event: 16.315 GC heap after
{Heap after GC invocations=39 (full 0):
 garbage-first heap   total 356352K, used 174176K [0x0000000080000000, 0x0000000100000000)
  region size 1024K, 9 young (9216K), 9 survivors (9216K)
 Metaspace       used 99316K, capacity 101962K, committed 102220K, reserved 1136640K
  class space    used 13045K, capacity 14059K, committed 14156K, reserved 1048576K
}
Event: 16.502 GC heap before
{Heap before GC invocations=39 (full 0):
 garbage-first heap   total 356352K, used 276576K [0x0000000080000000, 0x0000000100000000)
  region size 1024K, 110 young (112640K), 9 survivors (9216K)
 Metaspace       used 99319K, capacity 101962K, committed 102220K, reserved 1136640K
  class space    used 13045K, capacity 14059K, committed 14156K, reserved 1048576K
}
Event: 16.530 GC heap after
{Heap after GC invocations=40 (full 0):
 garbage-first heap   total 425984K, used 182851K [0x0000000080000000, 0x0000000100000000)
  region size 1024K, 14 young (14336K), 14 survivors (14336K)
 Metaspace       used 99319K, capacity 101962K, committed 102220K, reserved 1136640K
  class space    used 13045K, capacity 14059K, committed 14156K, reserved 1048576K
}
Event: 17.162 GC heap before
{Heap before GC invocations=41 (full 0):
 garbage-first heap   total 425984K, used 302659K [0x0000000080000000, 0x0000000100000000)
  region size 1024K, 132 young (135168K), 14 survivors (14336K)
 Metaspace       used 99852K, capacity 102443K, committed 102732K, reserved 1138688K
  class space    used 13047K, capacity 14060K, committed 14156K, reserved 1048576K
}
Event: 17.187 GC heap after
{Heap after GC invocations=42 (full 0):
 garbage-first heap   total 425984K, used 185578K [0x0000000080000000, 0x0000000100000000)
  region size 1024K, 12 young (12288K), 12 survivors (12288K)
 Metaspace       used 99852K, capacity 102443K, committed 102732K, reserved 1138688K
  class space    used 13047K, capacity 14060K, committed 14156K, reserved 1048576K
}
Event: 17.544 GC heap before
{Heap before GC invocations=42 (full 0):
 garbage-first heap   total 425984K, used 318698K [0x0000000080000000, 0x0000000100000000)
  region size 1024K, 142 young (145408K), 12 survivors (12288K)
 Metaspace       used 99937K, capacity 102509K, committed 102732K, reserved 1138688K
  class space    used 13053K, capacity 14060K, committed 14156K, reserved 1048576K
}
Event: 17.561 GC heap after
{Heap after GC invocations=43 (full 0):
 garbage-first heap   total 425984K, used 189092K [0x0000000080000000, 0x0000000100000000)
  region size 1024K, 7 young (7168K), 7 survivors (7168K)
 Metaspace       used 99937K, capacity 102509K, committed 102732K, reserved 1138688K
  class space    used 13053K, capacity 14060K, committed 14156K, reserved 1048576K
}
Event: 18.012 GC heap before
{Heap before GC invocations=43 (full 0):
 garbage-first heap   total 425984K, used 336548K [0x0000000080000000, 0x0000000100000000)
  region size 1024K, 151 young (154624K), 7 survivors (7168K)
 Metaspace       used 100105K, capacity 102729K, committed 102988K, reserved 1138688K
  class space    used 13059K, capacity 14066K, committed 14156K, reserved 1048576K
}
Event: 18.029 GC heap after
{Heap after GC invocations=44 (full 0):
 garbage-first heap   total 425984K, used 190894K [0x0000000080000000, 0x0000000100000000)
  region size 1024K, 9 young (9216K), 9 survivors (9216K)
 Metaspace       used 100105K, capacity 102729K, committed 102988K, reserved 1138688K
  class space    used 13059K, capacity 14066K, committed 14156K, reserved 1048576K
}
Event: 18.522 GC heap before
{Heap before GC invocations=44 (full 0):
 garbage-first heap   total 425984K, used 344494K [0x0000000080000000, 0x0000000100000000)
  region size 1024K, 159 young (162816K), 9 survivors (9216K)
 Metaspace       used 100378K, capacity 103040K, committed 103244K, reserved 1138688K
  class space    used 13062K, capacity 14071K, committed 14156K, reserved 1048576K
}

