# JRE version: OpenJDK Runtime Environment (11.0.10) (build 11.0.10+0-b96-7249189)
# Java VM: OpenJDK 64-Bit Server VM (11.0.10+0-b96-7249189, mixed mode, tiered, compressed oops, g1 gc, windows-amd64)
Heap:
 garbage-first heap   total 616448K, used 179086K [0x0000000080000000, 0x0000000100000000)
  region size 1024K, 6 young (6144K), 6 survivors (6144K)
 Metaspace       used 131615K, capacity 135769K, committed 137804K, reserved 1169408K
  class space    used 16418K, capacity 17962K, committed 18764K, reserved 1048576K
GC Heap History (20 events):
Event: 2049.907 GC heap after
{Heap after GC invocations=105 (full 0):
 garbage-first heap   total 308224K, used 222485K [0x0000000080000000, 0x0000000100000000)
  region size 1024K, 6 young (6144K), 6 survivors (6144K)
 Metaspace       used 131616K, capacity 136406K, committed 136652K, reserved 1167360K
  class space    used 16690K, capacity 18516K, committed 18636K, reserved 1048576K
}
Event: 2049.976 GC heap before
{Heap before GC invocations=105 (full 0):
 garbage-first heap   total 308224K, used 256277K [0x0000000080000000, 0x0000000100000000)
  region size 1024K, 39 young (39936K), 6 survivors (6144K)
 Metaspace       used 131887K, capacity 136715K, committed 136908K, reserved 1167360K
  class space    used 16736K, capacity 18576K, committed 18636K, reserved 1048576K
}
Event: 2049.988 GC heap after
{Heap after GC invocations=106 (full 0):
 garbage-first heap   total 308224K, used 228620K [0x0000000080000000, 0x0000000100000000)
  region size 1024K, 5 young (5120K), 5 survivors (5120K)
 Metaspace       used 131887K, capacity 136715K, committed 136908K, reserved 1167360K
  class space    used 16736K, capacity 18576K, committed 18636K, reserved 1048576K
}
Event: 2050.084 GC heap before
{Heap before GC invocations=106 (full 0):
 garbage-first heap   total 308224K, used 257292K [0x0000000080000000, 0x0000000100000000)
  region size 1024K, 34 young (34816K), 5 survivors (5120K)
 Metaspace       used 132064K, capacity 136881K, committed 137164K, reserved 1167360K
  class space    used 16757K, capacity 18587K, committed 18636K, reserved 1048576K
}
Event: 2050.094 GC heap after
{Heap after GC invocations=107 (full 0):
 garbage-first heap   total 308224K, used 234496K [0x0000000080000000, 0x0000000100000000)
  region size 1024K, 5 young (5120K), 5 survivors (5120K)
 Metaspace       used 132064K, capacity 136881K, committed 137164K, reserved 1167360K
  class space    used 16757K, capacity 18587K, committed 18636K, reserved 1048576K
}
Event: 2050.212 GC heap before
{Heap before GC invocations=107 (full 0):
 garbage-first heap   total 308224K, used 262144K [0x0000000080000000, 0x0000000100000000)
  region size 1024K, 32 young (32768K), 5 survivors (5120K)
 Metaspace       used 132190K, capacity 136979K, committed 137164K, reserved 1167360K
  class space    used 16764K, capacity 18597K, committed 18636K, reserved 1048576K
}
Event: 2050.230 GC heap after
{Heap after GC invocations=108 (full 0):
 garbage-first heap   total 308224K, used 239296K [0x0000000080000000, 0x0000000100000000)
  region size 1024K, 4 young (4096K), 4 survivors (4096K)
 Metaspace       used 132190K, capacity 136979K, committed 137164K, reserved 1167360K
  class space    used 16764K, capacity 18597K, committed 18636K, reserved 1048576K
}
Event: 2050.622 GC heap before
{Heap before GC invocations=108 (full 0):
 garbage-first heap   total 308224K, used 240320K [0x0000000080000000, 0x0000000100000000)
  region size 1024K, 28 young (28672K), 4 survivors (4096K)
 Metaspace       used 131562K, capacity 135693K, committed 137676K, reserved 1169408K
  class space    used 16403K, capacity 17917K, committed 18636K, reserved 1048576K
}
Event: 2050.636 GC heap after
{Heap after GC invocations=109 (full 0):
 garbage-first heap   total 308224K, used 218077K [0x0000000080000000, 0x0000000100000000)
  region size 1024K, 2 young (2048K), 2 survivors (2048K)
 Metaspace       used 131562K, capacity 135693K, committed 137676K, reserved 1169408K
  class space    used 16403K, capacity 17917K, committed 18636K, reserved 1048576K
}
Event: 2050.755 GC heap before
{Heap before GC invocations=110 (full 0):
 garbage-first heap   total 308224K, used 251869K [0x0000000080000000, 0x0000000100000000)
  region size 1024K, 35 young (35840K), 2 survivors (2048K)
 Metaspace       used 131581K, capacity 135719K, committed 137676K, reserved 1169408K
  class space    used 16408K, capacity 17924K, committed 18636K, reserved 1048576K
}
Event: 2050.766 GC heap after
{Heap after GC invocations=111 (full 0):
 garbage-first heap   total 308224K, used 223000K [0x0000000080000000, 0x0000000100000000)
  region size 1024K, 5 young (5120K), 5 survivors (5120K)
 Metaspace       used 131581K, capacity 135719K, committed 137676K, reserved 1169408K
  class space    used 16408K, capacity 17924K, committed 18636K, reserved 1048576K
}
Event: 2050.788 GC heap before
{Heap before GC invocations=111 (full 0):
 garbage-first heap   total 308224K, used 232216K [0x0000000080000000, 0x0000000100000000)
  region size 1024K, 15 young (15360K), 5 survivors (5120K)
 Metaspace       used 131583K, capacity 135719K, committed 137676K, reserved 1169408K
  class space    used 16409K, capacity 17924K, committed 18636K, reserved 1048576K
}
Event: 2050.801 GC heap after
{Heap after GC invocations=112 (full 0):
 garbage-first heap   total 308224K, used 194242K [0x0000000080000000, 0x0000000100000000)
  region size 1024K, 2 young (2048K), 2 survivors (2048K)
 Metaspace       used 131583K, capacity 135719K, committed 137676K, reserved 1169408K
  class space    used 16409K, capacity 17924K, committed 18636K, reserved 1048576K
}
Event: 2050.839 GC heap before
{Heap before GC invocations=112 (full 0):
 garbage-first heap   total 308224K, used 207554K [0x0000000080000000, 0x0000000100000000)
  region size 1024K, 15 young (15360K), 2 survivors (2048K)
 Metaspace       used 131585K, capacity 135751K, committed 137804K, reserved 1169408K
  class space    used 16411K, capacity 17956K, committed 18764K, reserved 1048576K
}
Event: 2050.863 GC heap after
{Heap after GC invocations=113 (full 0):
 garbage-first heap   total 308224K, used 169073K [0x0000000080000000, 0x0000000100000000)
  region size 1024K, 2 young (2048K), 2 survivors (2048K)
 Metaspace       used 131585K, capacity 135751K, committed 137804K, reserved 1169408K
  class space    used 16411K, capacity 17956K, committed 18764K, reserved 1048576K
}
Event: 2050.897 GC heap before
{Heap before GC invocations=113 (full 0):
 garbage-first heap   total 308224K, used 182385K [0x0000000080000000, 0x0000000100000000)
  region size 1024K, 15 young (15360K), 2 survivors (2048K)
 Metaspace       used 131589K, capacity 135751K, committed 137804K, reserved 1169408K
  class space    used 16414K, capacity 17956K, committed 18764K, reserved 1048576K
}
Event: 2050.911 GC heap after
{Heap after GC invocations=114 (full 0):
 garbage-first heap   total 308224K, used 168960K [0x0000000080000000, 0x0000000100000000)
  region size 1024K, 2 young (2048K), 2 survivors (2048K)
 Metaspace       used 131589K, capacity 135751K, committed 137804K, reserved 1169408K
  class space    used 16414K, capacity 17956K, committed 18764K, reserved 1048576K
}
Event: 2051.037 GC heap before
{Heap before GC invocations=114 (full 0):
 garbage-first heap   total 308224K, used 221184K [0x0000000080000000, 0x0000000100000000)
  region size 1024K, 54 young (55296K), 2 survivors (2048K)
 Metaspace       used 131591K, capacity 135751K, committed 137804K, reserved 1169408K
  class space    used 16414K, capacity 17956K, committed 18764K, reserved 1048576K
}
Event: 2051.045 GC heap after
{Heap after GC invocations=115 (full 0):
 garbage-first heap   total 308224K, used 173948K [0x0000000080000000, 0x0000000100000000)
  region size 1024K, 7 young (7168K), 7 survivors (7168K)
 Metaspace       used 131591K, capacity 135751K, committed 137804K, reserved 1169408K
  class space    used 16414K, capacity 17956K, committed 18764K, reserved 1048576K
}
Event: 2051.184 GC heap before
{Heap before GC invocations=115 (full 0):
 garbage-first heap   total 308224K, used 228220K [0x0000000080000000, 0x0000000100000000)
  region size 1024K, 61 young (62464K), 7 survivors (7168K)
 Metaspace       used 131615K, capacity 135769K, committed 137804K, reserved 1169408K
  class space    used 16418K, capacity 17962K, committed 18764K, reserved 1048576K
}

