# JRE version: OpenJDK Runtime Environment (11.0.10) (build 11.0.10+0-b96-7249189)
# Java VM: OpenJDK 64-Bit Server VM (11.0.10+0-b96-7249189, mixed mode, tiered, compressed oops, g1 gc, windows-amd64)
Heap:
 garbage-first heap   total 351232K, used 245501K [0x0000000080000000, 0x0000000100000000)
  region size 1024K, 76 young (77824K), 2 survivors (2048K)
 Metaspace       used 106662K, capacity 109245K, committed 109568K, reserved 1144832K
  class space    used 13546K, capacity 14531K, committed 14668K, reserved 1048576K
GC Heap History (20 events):
Event: 16.985 GC heap before
{Heap before GC invocations=25 (full 0):
 garbage-first heap   total 225280K, used 183169K [0x0000000080000000, 0x0000000100000000)
  region size 1024K, 82 young (83968K), 8 survivors (8192K)
 Metaspace       used 96469K, capacity 98699K, committed 99328K, reserved 1136640K
  class space    used 12112K, capacity 12901K, committed 13132K, reserved 1048576K
}
Event: 17.003 GC heap after
{Heap after GC invocations=26 (full 0):
 garbage-first heap   total 225280K, used 112842K [0x0000000080000000, 0x0000000100000000)
  region size 1024K, 11 young (11264K), 11 survivors (11264K)
 Metaspace       used 96469K, capacity 98699K, committed 99328K, reserved 1136640K
  class space    used 12112K, capacity 12901K, committed 13132K, reserved 1048576K
}
Event: 17.010 GC heap before
{Heap before GC invocations=26 (full 0):
 garbage-first heap   total 225280K, used 113866K [0x0000000080000000, 0x0000000100000000)
  region size 1024K, 12 young (12288K), 11 survivors (11264K)
 Metaspace       used 96469K, capacity 98699K, committed 99328K, reserved 1136640K
  class space    used 12112K, capacity 12901K, committed 13132K, reserved 1048576K
}
Event: 17.025 GC heap after
{Heap after GC invocations=27 (full 0):
 garbage-first heap   total 270336K, used 103527K [0x0000000080000000, 0x0000000100000000)
  region size 1024K, 2 young (2048K), 2 survivors (2048K)
 Metaspace       used 96469K, capacity 98699K, committed 99328K, reserved 1136640K
  class space    used 12112K, capacity 12901K, committed 13132K, reserved 1048576K
}
Event: 17.572 GC heap before
{Heap before GC invocations=27 (full 0):
 garbage-first heap   total 270336K, used 195687K [0x0000000080000000, 0x0000000100000000)
  region size 1024K, 93 young (95232K), 2 survivors (2048K)
 Metaspace       used 99621K, capacity 101963K, committed 102272K, reserved 1138688K
  class space    used 12563K, capacity 13448K, committed 13516K, reserved 1048576K
}
Event: 17.592 GC heap after
{Heap after GC invocations=28 (full 0):
 garbage-first heap   total 270336K, used 125748K [0x0000000080000000, 0x0000000100000000)
  region size 1024K, 12 young (12288K), 12 survivors (12288K)
 Metaspace       used 99621K, capacity 101963K, committed 102272K, reserved 1138688K
  class space    used 12563K, capacity 13448K, committed 13516K, reserved 1048576K
}
Event: 17.901 GC heap before
{Heap before GC invocations=28 (full 0):
 garbage-first heap   total 270336K, used 204596K [0x0000000080000000, 0x0000000100000000)
  region size 1024K, 90 young (92160K), 12 survivors (12288K)
 Metaspace       used 100655K, capacity 103068K, committed 103168K, reserved 1138688K
  class space    used 12717K, capacity 13625K, committed 13644K, reserved 1048576K
}
Event: 17.935 GC heap after
{Heap after GC invocations=29 (full 0):
 garbage-first heap   total 270336K, used 142575K [0x0000000080000000, 0x0000000100000000)
  region size 1024K, 12 young (12288K), 12 survivors (12288K)
 Metaspace       used 100655K, capacity 103068K, committed 103168K, reserved 1138688K
  class space    used 12717K, capacity 13625K, committed 13644K, reserved 1048576K
}
Event: 18.142 GC heap before
{Heap before GC invocations=29 (full 0):
 garbage-first heap   total 270336K, used 209135K [0x0000000080000000, 0x0000000100000000)
  region size 1024K, 78 young (79872K), 12 survivors (12288K)
 Metaspace       used 101504K, capacity 103950K, committed 104064K, reserved 1140736K
  class space    used 12819K, capacity 13725K, committed 13772K, reserved 1048576K
}
Event: 18.177 GC heap after
{Heap after GC invocations=30 (full 0):
 garbage-first heap   total 270336K, used 157673K [0x0000000080000000, 0x0000000100000000)
  region size 1024K, 10 young (10240K), 10 survivors (10240K)
 Metaspace       used 101504K, capacity 103950K, committed 104064K, reserved 1140736K
  class space    used 12819K, capacity 13725K, committed 13772K, reserved 1048576K
}
Event: 18.822 GC heap before
{Heap before GC invocations=31 (full 0):
 garbage-first heap   total 270336K, used 213993K [0x0000000080000000, 0x0000000100000000)
  region size 1024K, 66 young (67584K), 10 survivors (10240K)
 Metaspace       used 105268K, capacity 107833K, committed 107904K, reserved 1142784K
  class space    used 13485K, capacity 14484K, committed 14540K, reserved 1048576K
}
Event: 18.851 GC heap after
{Heap after GC invocations=32 (full 0):
 garbage-first heap   total 270336K, used 167285K [0x0000000080000000, 0x0000000100000000)
  region size 1024K, 8 young (8192K), 8 survivors (8192K)
 Metaspace       used 105268K, capacity 107833K, committed 107904K, reserved 1142784K
  class space    used 13485K, capacity 14484K, committed 14540K, reserved 1048576K
}
Event: 18.880 GC heap before
{Heap before GC invocations=32 (full 0):
 garbage-first heap   total 270336K, used 172405K [0x0000000080000000, 0x0000000100000000)
  region size 1024K, 13 young (13312K), 8 survivors (8192K)
 Metaspace       used 105289K, capacity 107898K, committed 108160K, reserved 1142784K
  class space    used 13485K, capacity 14484K, committed 14540K, reserved 1048576K
}
Event: 18.898 GC heap after
{Heap after GC invocations=33 (full 0):
 garbage-first heap   total 351232K, used 166496K [0x0000000080000000, 0x0000000100000000)
  region size 1024K, 2 young (2048K), 2 survivors (2048K)
 Metaspace       used 105289K, capacity 107898K, committed 108160K, reserved 1142784K
  class space    used 13485K, capacity 14484K, committed 14540K, reserved 1048576K
}
Event: 19.419 GC heap before
{Heap before GC invocations=33 (full 0):
 garbage-first heap   total 351232K, used 247392K [0x0000000080000000, 0x0000000100000000)
  region size 1024K, 82 young (83968K), 2 survivors (2048K)
 Metaspace       used 106501K, capacity 109155K, committed 109312K, reserved 1144832K
  class space    used 13577K, capacity 14593K, committed 14668K, reserved 1048576K
}
Event: 19.435 GC heap after
{Heap after GC invocations=34 (full 0):
 garbage-first heap   total 351232K, used 169462K [0x0000000080000000, 0x0000000100000000)
  region size 1024K, 5 young (5120K), 5 survivors (5120K)
 Metaspace       used 106501K, capacity 109155K, committed 109312K, reserved 1144832K
  class space    used 13577K, capacity 14593K, committed 14668K, reserved 1048576K
}
Event: 20.057 GC heap before
{Heap before GC invocations=35 (full 0):
 garbage-first heap   total 351232K, used 255478K [0x0000000080000000, 0x0000000100000000)
  region size 1024K, 89 young (91136K), 5 survivors (5120K)
 Metaspace       used 106632K, capacity 109237K, committed 109568K, reserved 1144832K
  class space    used 13543K, capacity 14528K, committed 14668K, reserved 1048576K
}
Event: 20.071 GC heap after
{Heap after GC invocations=36 (full 0):
 garbage-first heap   total 351232K, used 171538K [0x0000000080000000, 0x0000000100000000)
  region size 1024K, 7 young (7168K), 7 survivors (7168K)
 Metaspace       used 106632K, capacity 109237K, committed 109568K, reserved 1144832K
  class space    used 13543K, capacity 14528K, committed 14668K, reserved 1048576K
}
Event: 20.104 GC heap before
{Heap before GC invocations=36 (full 0):
 garbage-first heap   total 351232K, used 180754K [0x0000000080000000, 0x0000000100000000)
  region size 1024K, 17 young (17408K), 7 survivors (7168K)
 Metaspace       used 106643K, capacity 109237K, committed 109568K, reserved 1144832K
  class space    used 13543K, capacity 14528K, committed 14668K, reserved 1048576K
}
Event: 20.117 GC heap after
{Heap after GC invocations=37 (full 0):
 garbage-first heap   total 351232K, used 170749K [0x0000000080000000, 0x0000000100000000)
  region size 1024K, 2 young (2048K), 2 survivors (2048K)
 Metaspace       used 106643K, capacity 109237K, committed 109568K, reserved 1144832K
  class space    used 13543K, capacity 14528K, committed 14668K, reserved 1048576K
}

