# JRE version: OpenJDK Runtime Environment (11.0.10) (build 11.0.10+0-b96-7249189)
# Java VM: OpenJDK 64-Bit Server VM (11.0.10+0-b96-7249189, mixed mode, tiered, compressed oops, g1 gc, windows-amd64)
Heap:
 garbage-first heap   total 446464K, used 186061K [0x0000000080000000, 0x0000000100000000)
  region size 1024K, 2 young (2048K), 2 survivors (2048K)
 Metaspace       used 114391K, capacity 117556K, committed 117880K, reserved 1150976K
  class space    used 14648K, capacity 15803K, committed 15992K, reserved 1048576K
GC Heap History (20 events):
Event: 957.293 GC heap after
{Heap after GC invocations=36 (full 0):
 garbage-first heap   total 225280K, used 137004K [0x0000000080000000, 0x0000000100000000)
  region size 1024K, 3 young (3072K), 3 survivors (3072K)
 Metaspace       used 112064K, capacity 115202K, committed 115576K, reserved 1148928K
  class space    used 14349K, capacity 15492K, committed 15736K, reserved 1048576K
}
Event: 957.405 GC heap before
{Heap before GC invocations=36 (full 0):
 garbage-first heap   total 225280K, used 168748K [0x0000000080000000, 0x0000000100000000)
  region size 1024K, 33 young (33792K), 3 survivors (3072K)
 Metaspace       used 112361K, capacity 115515K, committed 115832K, reserved 1148928K
  class space    used 14389K, capacity 15534K, committed 15736K, reserved 1048576K
}
Event: 957.411 GC heap after
{Heap after GC invocations=37 (full 0):
 garbage-first heap   total 225280K, used 144974K [0x0000000080000000, 0x0000000100000000)
  region size 1024K, 5 young (5120K), 5 survivors (5120K)
 Metaspace       used 112361K, capacity 115515K, committed 115832K, reserved 1148928K
  class space    used 14389K, capacity 15534K, committed 15736K, reserved 1048576K
}
Event: 957.554 GC heap before
{Heap before GC invocations=38 (full 0):
 garbage-first heap   total 225280K, used 172622K [0x0000000080000000, 0x0000000100000000)
  region size 1024K, 33 young (33792K), 5 survivors (5120K)
 Metaspace       used 113144K, capacity 116281K, committed 116728K, reserved 1150976K
  class space    used 14503K, capacity 15664K, committed 15864K, reserved 1048576K
}
Event: 957.561 GC heap after
{Heap after GC invocations=39 (full 0):
 garbage-first heap   total 225280K, used 150801K [0x0000000080000000, 0x0000000100000000)
  region size 1024K, 5 young (5120K), 5 survivors (5120K)
 Metaspace       used 113144K, capacity 116281K, committed 116728K, reserved 1150976K
  class space    used 14503K, capacity 15664K, committed 15864K, reserved 1048576K
}
Event: 957.583 GC heap before
{Heap before GC invocations=39 (full 0):
 garbage-first heap   total 225280K, used 156945K [0x0000000080000000, 0x0000000100000000)
  region size 1024K, 11 young (11264K), 5 survivors (5120K)
 Metaspace       used 113221K, capacity 116410K, committed 116728K, reserved 1150976K
  class space    used 14505K, capacity 15664K, committed 15864K, reserved 1048576K
}
Event: 957.587 GC heap after
{Heap after GC invocations=40 (full 0):
 garbage-first heap   total 225280K, used 151271K [0x0000000080000000, 0x0000000100000000)
  region size 1024K, 2 young (2048K), 2 survivors (2048K)
 Metaspace       used 113221K, capacity 116410K, committed 116728K, reserved 1150976K
  class space    used 14505K, capacity 15664K, committed 15864K, reserved 1048576K
}
Event: 957.676 GC heap before
{Heap before GC invocations=40 (full 0):
 garbage-first heap   total 225280K, used 176871K [0x0000000080000000, 0x0000000100000000)
  region size 1024K, 28 young (28672K), 2 survivors (2048K)
 Metaspace       used 113407K, capacity 116573K, committed 116984K, reserved 1150976K
  class space    used 14515K, capacity 15672K, committed 15864K, reserved 1048576K
}
Event: 957.687 GC heap after
{Heap after GC invocations=41 (full 0):
 garbage-first heap   total 225280K, used 158824K [0x0000000080000000, 0x0000000100000000)
  region size 1024K, 4 young (4096K), 4 survivors (4096K)
 Metaspace       used 113407K, capacity 116573K, committed 116984K, reserved 1150976K
  class space    used 14515K, capacity 15672K, committed 15864K, reserved 1048576K
}
Event: 957.774 GC heap before
{Heap before GC invocations=41 (full 0):
 garbage-first heap   total 225280K, used 181352K [0x0000000080000000, 0x0000000100000000)
  region size 1024K, 27 young (27648K), 4 survivors (4096K)
 Metaspace       used 113505K, capacity 116660K, committed 116984K, reserved 1150976K
  class space    used 14531K, capacity 15681K, committed 15864K, reserved 1048576K
}
Event: 957.783 GC heap after
{Heap after GC invocations=42 (full 0):
 garbage-first heap   total 225280K, used 165101K [0x0000000080000000, 0x0000000100000000)
  region size 1024K, 4 young (4096K), 4 survivors (4096K)
 Metaspace       used 113505K, capacity 116660K, committed 116984K, reserved 1150976K
  class space    used 14531K, capacity 15681K, committed 15864K, reserved 1048576K
}
Event: 957.814 GC heap before
{Heap before GC invocations=42 (full 0):
 garbage-first heap   total 225280K, used 184557K [0x0000000080000000, 0x0000000100000000)
  region size 1024K, 24 young (24576K), 4 survivors (4096K)
 Metaspace       used 113587K, capacity 116752K, committed 116984K, reserved 1150976K
  class space    used 14544K, capacity 15691K, committed 15864K, reserved 1048576K
}
Event: 957.823 GC heap after
{Heap after GC invocations=43 (full 0):
 garbage-first heap   total 225280K, used 170767K [0x0000000080000000, 0x0000000100000000)
  region size 1024K, 3 young (3072K), 3 survivors (3072K)
 Metaspace       used 113587K, capacity 116752K, committed 116984K, reserved 1150976K
  class space    used 14544K, capacity 15691K, committed 15864K, reserved 1048576K
}
Event: 957.883 GC heap before
{Heap before GC invocations=43 (full 0):
 garbage-first heap   total 225280K, used 188175K [0x0000000080000000, 0x0000000100000000)
  region size 1024K, 21 young (21504K), 3 survivors (3072K)
 Metaspace       used 113611K, capacity 116768K, committed 117240K, reserved 1150976K
  class space    used 14538K, capacity 15692K, committed 15864K, reserved 1048576K
}
Event: 957.892 GC heap after
{Heap after GC invocations=44 (full 0):
 garbage-first heap   total 225280K, used 175997K [0x0000000080000000, 0x0000000100000000)
  region size 1024K, 3 young (3072K), 3 survivors (3072K)
 Metaspace       used 113611K, capacity 116768K, committed 117240K, reserved 1150976K
  class space    used 14538K, capacity 15692K, committed 15864K, reserved 1048576K
}
Event: 957.938 GC heap before
{Heap before GC invocations=44 (full 0):
 garbage-first heap   total 225280K, used 190333K [0x0000000080000000, 0x0000000100000000)
  region size 1024K, 18 young (18432K), 3 survivors (3072K)
 Metaspace       used 113694K, capacity 116871K, committed 117240K, reserved 1150976K
  class space    used 14551K, capacity 15704K, committed 15864K, reserved 1048576K
}
Event: 957.947 GC heap after
{Heap after GC invocations=45 (full 0):
 garbage-first heap   total 225280K, used 180224K [0x0000000080000000, 0x0000000100000000)
  region size 1024K, 3 young (3072K), 3 survivors (3072K)
 Metaspace       used 113694K, capacity 116871K, committed 117240K, reserved 1150976K
  class space    used 14551K, capacity 15704K, committed 15864K, reserved 1048576K
}
Event: 957.989 GC heap before
{Heap before GC invocations=45 (full 0):
 garbage-first heap   total 225280K, used 193536K [0x0000000080000000, 0x0000000100000000)
  region size 1024K, 16 young (16384K), 3 survivors (3072K)
 Metaspace       used 113791K, capacity 116939K, committed 117240K, reserved 1150976K
  class space    used 14560K, capacity 15704K, committed 15864K, reserved 1048576K
}
Event: 957.998 GC heap after
{Heap after GC invocations=46 (full 0):
 garbage-first heap   total 225280K, used 183804K [0x0000000080000000, 0x0000000100000000)
  region size 1024K, 2 young (2048K), 2 survivors (2048K)
 Metaspace       used 113791K, capacity 116939K, committed 117240K, reserved 1150976K
  class space    used 14560K, capacity 15704K, committed 15864K, reserved 1048576K
}
Event: 958.058 GC heap before
{Heap before GC invocations=47 (full 0):
 garbage-first heap   total 225280K, used 193020K [0x0000000080000000, 0x0000000100000000)
  region size 1024K, 12 young (12288K), 2 survivors (2048K)
 Metaspace       used 114391K, capacity 117556K, committed 117880K, reserved 1150976K
  class space    used 14648K, capacity 15803K, committed 15992K, reserved 1048576K
}

